0 info it worked if it ends with ok
1 verbose cli [ 'C:\\Program Files\\nodejs\\node.exe',
1 verbose cli   'C:\\Users\\porkchop.BPHSERVER\\AppData\\Roaming\\npm\\node_modules\\npm\\bin\\npm-cli.js',
1 verbose cli   'start' ]
2 info using npm@3.10.9
3 info using node@v4.5.0
4 verbose run-script [ 'prestart', 'start', 'poststart' ]
5 info lifecycle react-redux@1.0.0~prestart: react-redux@1.0.0
6 verbose lifecycle react-redux@1.0.0~prestart: unsafe-perm in lifecycle true
7 verbose lifecycle react-redux@1.0.0~prestart: PATH: C:\Users\porkchop.BPHSERVER\AppData\Roaming\npm\node_modules\npm\bin\node-gyp-bin;C:\Users\porkchop.BPHSERVER\Dropbox\GitHub\YogaMarieMills\node_modules\.bin;C:\Python27;C:\Python27\Scripts;C:\ProgramData\Oracle\Java\javapath;C:\Users\Administrator\Desktop\OracleDB\product\11.2.0\dbhome_1\bin;C:\Windows\system32;C:\Windows;C:\Windows\System32\Wbem;C:\Windows\System32\WindowsPowerShell\v1.0\;C:\Program Files\Microsoft SQL Server\110\DTS\Binn\;C:\Program Files (x86)\Microsoft SQL Server\110\Tools\Binn\;C:\Program Files\Microsoft SQL Server\110\Tools\Binn\;C:\Program Files (x86)\Microsoft SQL Server\110\Tools\Binn\ManagementStudio\;C:\Program Files (x86)\Microsoft Visual Studio 10.0\Common7\IDE\PrivateAssemblies\;C:\Program Files (x86)\Microsoft SQL Server\110\DTS\Binn\;C:\Apache24\bin;C:\Program Files\Microsoft SQL Server\120\Tools\Binn\;C:\Program Files\Microsoft SQL Server\130\Tools\Binn\;C:\Program Files (x86)\Microsoft SQL Server\120\DTS\Binn\;C:\Program Files (x86)\Microsoft SQL Server\130\DTS\Binn\;C:\Program Files\MATLAB\R2016a\bin;C:\Program Files\Git\cmd;C:\Program Files\nodejs\;C:\Program Files\dotnet\;C:\Ruby23\bin;C:\Users\porkchop.BPHSERVER\AppData\Roaming\npm;C:\Users\porkchop.BPHSERVER\AppData\Local\atom\bin;C:\Program Files (x86)\Microsoft VS Code\bin
8 verbose lifecycle react-redux@1.0.0~prestart: CWD: C:\Users\porkchop.BPHSERVER\Dropbox\GitHub\YogaMarieMills
9 silly lifecycle react-redux@1.0.0~prestart: Args: [ '/d /s /c', 'babel-node tools/startMessage.js' ]
10 silly lifecycle react-redux@1.0.0~prestart: Returned: code: 0  signal: null
11 info lifecycle react-redux@1.0.0~start: react-redux@1.0.0
12 verbose lifecycle react-redux@1.0.0~start: unsafe-perm in lifecycle true
13 verbose lifecycle react-redux@1.0.0~start: PATH: C:\Users\porkchop.BPHSERVER\AppData\Roaming\npm\node_modules\npm\bin\node-gyp-bin;C:\Users\porkchop.BPHSERVER\Dropbox\GitHub\YogaMarieMills\node_modules\.bin;C:\Python27;C:\Python27\Scripts;C:\ProgramData\Oracle\Java\javapath;C:\Users\Administrator\Desktop\OracleDB\product\11.2.0\dbhome_1\bin;C:\Windows\system32;C:\Windows;C:\Windows\System32\Wbem;C:\Windows\System32\WindowsPowerShell\v1.0\;C:\Program Files\Microsoft SQL Server\110\DTS\Binn\;C:\Program Files (x86)\Microsoft SQL Server\110\Tools\Binn\;C:\Program Files\Microsoft SQL Server\110\Tools\Binn\;C:\Program Files (x86)\Microsoft SQL Server\110\Tools\Binn\ManagementStudio\;C:\Program Files (x86)\Microsoft Visual Studio 10.0\Common7\IDE\PrivateAssemblies\;C:\Program Files (x86)\Microsoft SQL Server\110\DTS\Binn\;C:\Apache24\bin;C:\Program Files\Microsoft SQL Server\120\Tools\Binn\;C:\Program Files\Microsoft SQL Server\130\Tools\Binn\;C:\Program Files (x86)\Microsoft SQL Server\120\DTS\Binn\;C:\Program Files (x86)\Microsoft SQL Server\130\DTS\Binn\;C:\Program Files\MATLAB\R2016a\bin;C:\Program Files\Git\cmd;C:\Program Files\nodejs\;C:\Program Files\dotnet\;C:\Ruby23\bin;C:\Users\porkchop.BPHSERVER\AppData\Roaming\npm;C:\Users\porkchop.BPHSERVER\AppData\Local\atom\bin;C:\Program Files (x86)\Microsoft VS Code\bin
14 verbose lifecycle react-redux@1.0.0~start: CWD: C:\Users\porkchop.BPHSERVER\Dropbox\GitHub\YogaMarieMills
15 silly lifecycle react-redux@1.0.0~start: Args: [ '/d /s /c', 'npm-run-all --parallel open:src lint:watch' ]
16 silly lifecycle react-redux@1.0.0~start: Returned: code: 1  signal: null
17 info lifecycle react-redux@1.0.0~start: Failed to exec start script
18 verbose stack Error: react-redux@1.0.0 start: `npm-run-all --parallel open:src lint:watch`
18 verbose stack Exit status 1
18 verbose stack     at EventEmitter.<anonymous> (C:\Users\porkchop.BPHSERVER\AppData\Roaming\npm\node_modules\npm\lib\utils\lifecycle.js:255:16)
18 verbose stack     at emitTwo (events.js:87:13)
18 verbose stack     at EventEmitter.emit (events.js:172:7)
18 verbose stack     at ChildProcess.<anonymous> (C:\Users\porkchop.BPHSERVER\AppData\Roaming\npm\node_modules\npm\lib\utils\spawn.js:40:14)
18 verbose stack     at emitTwo (events.js:87:13)
18 verbose stack     at ChildProcess.emit (events.js:172:7)
18 verbose stack     at maybeClose (internal/child_process.js:829:16)
18 verbose stack     at Process.ChildProcess._handle.onexit (internal/child_process.js:211:5)
19 verbose pkgid react-redux@1.0.0
20 verbose cwd C:\Users\porkchop.BPHSERVER\Dropbox\GitHub\YogaMarieMills
21 error Windows_NT 6.2.9200
22 error argv "C:\\Program Files\\nodejs\\node.exe" "C:\\Users\\porkchop.BPHSERVER\\AppData\\Roaming\\npm\\node_modules\\npm\\bin\\npm-cli.js" "start"
23 error node v4.5.0
24 error npm  v3.10.9
25 error code ELIFECYCLE
26 error react-redux@1.0.0 start: `npm-run-all --parallel open:src lint:watch`
26 error Exit status 1
27 error Failed at the react-redux@1.0.0 start script 'npm-run-all --parallel open:src lint:watch'.
27 error Make sure you have the latest version of node.js and npm installed.
27 error If you do, this is most likely a problem with the react-redux package,
27 error not with npm itself.
27 error Tell the author that this fails on your system:
27 error     npm-run-all --parallel open:src lint:watch
27 error You can get information on how to open an issue for this project with:
27 error     npm bugs react-redux
27 error Or if that isn't available, you can get their info via:
27 error     npm owner ls react-redux
27 error There is likely additional logging output above.
28 verbose exit [ 1, true ]
